{"D:\\Other\\Derde Jaar Files\\DV301\\budgetbuddy\\GlenDorner_BudgetBuddy\\src\\functions\\monthlyExpenses.js": {"path":"D:\\Other\\Derde Jaar Files\\DV301\\budgetbuddy\\GlenDorner_BudgetBuddy\\src\\functions\\monthlyExpenses.js","statementMap":{"0":{"start":{"line":2,"column":4},"end":{"line":2,"column":29}},"1":{"start":{"line":6,"column":17},"end":{"line":6,"column":18}},"2":{"start":{"line":8,"column":4},"end":{"line":10,"column":5}},"3":{"start":{"line":8,"column":17},"end":{"line":8,"column":18}},"4":{"start":{"line":9,"column":8},"end":{"line":9,"column":39}},"5":{"start":{"line":12,"column":4},"end":{"line":12,"column":18}},"6":{"start":{"line":15,"column":0},"end":{"line":15,"column":65}}},"fnMap":{"0":{"name":"addNewMonthlyExpense","decl":{"start":{"line":1,"column":9},"end":{"line":1,"column":29}},"loc":{"start":{"line":1,"column":45},"end":{"line":3,"column":1}},"line":1},"1":{"name":"calculateTotalExpenses","decl":{"start":{"line":5,"column":9},"end":{"line":5,"column":31}},"loc":{"start":{"line":5,"column":38},"end":{"line":13,"column":1}},"line":5}},"branchMap":{},"s":{"0":2,"1":1,"2":1,"3":1,"4":2,"5":1,"6":1},"f":{"0":2,"1":1},"b":{},"_coverageSchema":"1a1c01bbd47fc00a2c39e90264f33305004495a9","hash":"98a1bf24ee67a84cb745ff3bc64fb042295ae463"}
,"D:\\Other\\Derde Jaar Files\\DV301\\budgetbuddy\\GlenDorner_BudgetBuddy\\src\\functions\\monthlySalaries.js": {"path":"D:\\Other\\Derde Jaar Files\\DV301\\budgetbuddy\\GlenDorner_BudgetBuddy\\src\\functions\\monthlySalaries.js","statementMap":{"0":{"start":{"line":2,"column":4},"end":{"line":2,"column":29}},"1":{"start":{"line":6,"column":17},"end":{"line":6,"column":18}},"2":{"start":{"line":8,"column":4},"end":{"line":10,"column":5}},"3":{"start":{"line":8,"column":17},"end":{"line":8,"column":18}},"4":{"start":{"line":9,"column":8},"end":{"line":9,"column":34}},"5":{"start":{"line":12,"column":4},"end":{"line":12,"column":18}},"6":{"start":{"line":15,"column":0},"end":{"line":15,"column":64}}},"fnMap":{"0":{"name":"addNewMonthlySalary","decl":{"start":{"line":1,"column":9},"end":{"line":1,"column":28}},"loc":{"start":{"line":1,"column":44},"end":{"line":3,"column":1}},"line":1},"1":{"name":"calculateTotalSalaries","decl":{"start":{"line":5,"column":9},"end":{"line":5,"column":31}},"loc":{"start":{"line":5,"column":38},"end":{"line":13,"column":1}},"line":5}},"branchMap":{},"s":{"0":1,"1":1,"2":1,"3":1,"4":2,"5":1,"6":1},"f":{"0":1,"1":1},"b":{},"_coverageSchema":"1a1c01bbd47fc00a2c39e90264f33305004495a9","hash":"f6f666a80799349be044fb9046d13b2f12d8c716"}
,"D:\\Other\\Derde Jaar Files\\DV301\\budgetbuddy\\GlenDorner_BudgetBuddy\\src\\functions\\savings.js": {"path":"D:\\Other\\Derde Jaar Files\\DV301\\budgetbuddy\\GlenDorner_BudgetBuddy\\src\\functions\\savings.js","statementMap":{"0":{"start":{"line":1,"column":22},"end":{"line":8,"column":1}},"1":{"start":{"line":2,"column":27},"end":{"line":5,"column":7}},"2":{"start":{"line":2,"column":51},"end":{"line":5,"column":5}},"3":{"start":{"line":7,"column":4},"end":{"line":7,"column":27}},"4":{"start":{"line":10,"column":30},"end":{"line":13,"column":1}},"5":{"start":{"line":11,"column":17},"end":{"line":11,"column":64}},"6":{"start":{"line":11,"column":44},"end":{"line":11,"column":60}},"7":{"start":{"line":12,"column":4},"end":{"line":12,"column":18}},"8":{"start":{"line":15,"column":0},"end":{"line":15,"column":58}}},"fnMap":{"0":{"name":"(anonymous_0)","decl":{"start":{"line":1,"column":22},"end":{"line":1,"column":23}},"loc":{"start":{"line":1,"column":52},"end":{"line":8,"column":1}},"line":1},"1":{"name":"(anonymous_1)","decl":{"start":{"line":2,"column":40},"end":{"line":2,"column":41}},"loc":{"start":{"line":2,"column":51},"end":{"line":5,"column":5}},"line":2},"2":{"name":"(anonymous_2)","decl":{"start":{"line":10,"column":30},"end":{"line":10,"column":31}},"loc":{"start":{"line":10,"column":40},"end":{"line":13,"column":1}},"line":10},"3":{"name":"(anonymous_3)","decl":{"start":{"line":11,"column":29},"end":{"line":11,"column":30}},"loc":{"start":{"line":11,"column":44},"end":{"line":11,"column":60}},"line":11}},"branchMap":{},"s":{"0":1,"1":1,"2":2,"3":1,"4":1,"5":1,"6":2,"7":1,"8":1},"f":{"0":1,"1":2,"2":1,"3":2},"b":{},"_coverageSchema":"1a1c01bbd47fc00a2c39e90264f33305004495a9","hash":"aff1a30c04a67c4af8abdd20db940e8a9f1a6e0c"}
,"D:\\Other\\Derde Jaar Files\\DV301\\budgetbuddy\\GlenDorner_BudgetBuddy\\src\\functions\\taxes.js": {"path":"D:\\Other\\Derde Jaar Files\\DV301\\budgetbuddy\\GlenDorner_BudgetBuddy\\src\\functions\\taxes.js","statementMap":{"0":{"start":{"line":2,"column":19},"end":{"line":10,"column":5}},"1":{"start":{"line":12,"column":20},"end":{"line":12,"column":21}},"2":{"start":{"line":13,"column":21},"end":{"line":13,"column":23}},"3":{"start":{"line":15,"column":4},"end":{"line":21,"column":5}},"4":{"start":{"line":16,"column":8},"end":{"line":20,"column":9}},"5":{"start":{"line":17,"column":8},"end":{"line":17,"column":42}},"6":{"start":{"line":18,"column":8},"end":{"line":18,"column":46}},"7":{"start":{"line":19,"column":8},"end":{"line":19,"column":14}},"8":{"start":{"line":23,"column":4},"end":{"line":23,"column":37}},"9":{"start":{"line":28,"column":24},"end":{"line":28,"column":25}},"10":{"start":{"line":30,"column":4},"end":{"line":32,"column":5}},"11":{"start":{"line":30,"column":17},"end":{"line":30,"column":18}},"12":{"start":{"line":31,"column":8},"end":{"line":31,"column":49}},"13":{"start":{"line":34,"column":4},"end":{"line":34,"column":25}},"14":{"start":{"line":38,"column":34},"end":{"line":38,"column":36}},"15":{"start":{"line":40,"column":4},"end":{"line":50,"column":5}},"16":{"start":{"line":41,"column":42},"end":{"line":41,"column":71}},"17":{"start":{"line":42,"column":31},"end":{"line":42,"column":56}},"18":{"start":{"line":43,"column":8},"end":{"line":49,"column":11}},"19":{"start":{"line":52,"column":4},"end":{"line":52,"column":33}},"20":{"start":{"line":55,"column":0},"end":{"line":55,"column":80}}},"fnMap":{"0":{"name":"calculateTaxes","decl":{"start":{"line":1,"column":9},"end":{"line":1,"column":23}},"loc":{"start":{"line":1,"column":33},"end":{"line":24,"column":1}},"line":1},"1":{"name":"calculateTotalAfterTax","decl":{"start":{"line":27,"column":9},"end":{"line":27,"column":31}},"loc":{"start":{"line":27,"column":40},"end":{"line":35,"column":1}},"line":27},"2":{"name":"calculateYOURTaxes","decl":{"start":{"line":37,"column":9},"end":{"line":37,"column":27}},"loc":{"start":{"line":37,"column":36},"end":{"line":53,"column":1}},"line":37}},"branchMap":{"0":{"loc":{"start":{"line":16,"column":8},"end":{"line":20,"column":9}},"type":"if","locations":[{"start":{"line":16,"column":8},"end":{"line":20,"column":9}},{"start":{},"end":{}}],"line":16}},"s":{"0":4,"1":4,"2":4,"3":4,"4":12,"5":4,"6":4,"7":4,"8":4,"9":1,"10":1,"11":1,"12":2,"13":1,"14":1,"15":1,"16":2,"17":2,"18":2,"19":1,"20":1},"f":{"0":4,"1":1,"2":1},"b":{"0":[4,8]},"_coverageSchema":"1a1c01bbd47fc00a2c39e90264f33305004495a9","hash":"7cb0f10ffb3eeedc000508f0e4b427faf8ec4841"}
,"D:\\Other\\Derde Jaar Files\\DV301\\budgetbuddy\\GlenDorner_BudgetBuddy\\src\\functions\\total.js": {"path":"D:\\Other\\Derde Jaar Files\\DV301\\budgetbuddy\\GlenDorner_BudgetBuddy\\src\\functions\\total.js","statementMap":{"0":{"start":{"line":2,"column":20},"end":{"line":2,"column":21}},"1":{"start":{"line":3,"column":4},"end":{"line":3,"column":60}},"2":{"start":{"line":4,"column":4},"end":{"line":4,"column":21}},"3":{"start":{"line":7,"column":0},"end":{"line":7,"column":35}}},"fnMap":{"0":{"name":"calculateTotal","decl":{"start":{"line":1,"column":9},"end":{"line":1,"column":23}},"loc":{"start":{"line":1,"column":64},"end":{"line":5,"column":1}},"line":1}},"branchMap":{},"s":{"0":1,"1":1,"2":1,"3":1},"f":{"0":1},"b":{},"_coverageSchema":"1a1c01bbd47fc00a2c39e90264f33305004495a9","hash":"ed38ad4e95aa3c5dd34ea4d5328881e808bb5be7"}
}
