TN:
SF:src\functions\monthlyExpenses.js
FN:1,addNewMonthlyExpense
FN:5,calculateTotalExpenses
FNF:2
FNH:2
FNDA:2,addNewMonthlyExpense
FNDA:1,calculateTotalExpenses
DA:2,2
DA:6,1
DA:8,1
DA:9,2
DA:12,1
DA:15,1
LF:6
LH:6
BRF:0
BRH:0
end_of_record
TN:
SF:src\functions\monthlySalaries.js
FN:1,addNewMonthlySalary
FN:5,calculateTotalSalaries
FNF:2
FNH:2
FNDA:1,addNewMonthlySalary
FNDA:1,calculateTotalSalaries
DA:2,1
DA:6,1
DA:8,1
DA:9,2
DA:12,1
DA:15,1
LF:6
LH:6
BRF:0
BRH:0
end_of_record
TN:
SF:src\functions\savings.js
FN:1,(anonymous_0)
FN:2,(anonymous_1)
FN:10,(anonymous_2)
FN:11,(anonymous_3)
FNF:4
FNH:4
FNDA:1,(anonymous_0)
FNDA:2,(anonymous_1)
FNDA:1,(anonymous_2)
FNDA:2,(anonymous_3)
DA:1,1
DA:2,2
DA:7,1
DA:10,1
DA:11,2
DA:12,1
DA:15,1
LF:7
LH:7
BRF:0
BRH:0
end_of_record
TN:
SF:src\functions\taxes.js
FN:1,calculateTaxes
FN:27,calculateTotalAfterTax
FN:37,calculateYOURTaxes
FNF:3
FNH:3
FNDA:4,calculateTaxes
FNDA:1,calculateTotalAfterTax
FNDA:1,calculateYOURTaxes
DA:2,4
DA:12,4
DA:13,4
DA:15,4
DA:16,12
DA:17,4
DA:18,4
DA:19,4
DA:23,4
DA:28,1
DA:30,1
DA:31,2
DA:34,1
DA:38,1
DA:40,1
DA:41,2
DA:42,2
DA:43,2
DA:52,1
DA:55,1
LF:20
LH:20
BRDA:16,0,0,4
BRDA:16,0,1,8
BRF:2
BRH:2
end_of_record
TN:
SF:src\functions\total.js
FN:1,calculateTotal
FNF:1
FNH:1
FNDA:1,calculateTotal
DA:2,1
DA:3,1
DA:4,1
DA:7,1
LF:4
LH:4
BRF:0
BRH:0
end_of_record
