TN:
SF:src\App.jsx
FN:14,App
FN:16,(anonymous_1)
FN:51,(anonymous_2)
FNF:3
FNH:2
FNDA:2,App
FNDA:0,(anonymous_1)
FNDA:8,(anonymous_2)
DA:16,2
DA:17,0
DA:18,0
DA:21,2
DA:52,8
LF:5
LH:3
BRF:0
BRH:0
end_of_record
TN:
SF:src\main.jsx
FNF:0
FNH:0
DA:7,0
LF:1
LH:0
BRF:0
BRH:0
end_of_record
TN:
SF:src\utils.js
FNF:0
FNH:0
DA:2,3
DA:5,3
DA:8,3
DA:9,3
DA:10,3
DA:11,3
DA:14,3
DA:22,3
DA:24,3
LF:9
LH:9
BRF:0
BRH:0
end_of_record
TN:
SF:src\components\Expenses.jsx
FN:5,Expenses
FN:8,(anonymous_1)
FN:17,(anonymous_2)
FN:22,(anonymous_3)
FN:27,(anonymous_4)
FN:28,(anonymous_5)
FN:35,(anonymous_6)
FN:58,(anonymous_7)
FN:68,(anonymous_8)
FN:76,(anonymous_9)
FNF:10
FNH:10
FNDA:19,Expenses
FNDA:3,(anonymous_1)
FNDA:4,(anonymous_2)
FNDA:1,(anonymous_3)
FNDA:1,(anonymous_4)
FNDA:1,(anonymous_5)
FNDA:1,(anonymous_6)
FNDA:12,(anonymous_7)
FNDA:3,(anonymous_8)
FNDA:1,(anonymous_9)
DA:8,19
DA:9,3
DA:10,3
DA:14,19
DA:17,19
DA:18,4
DA:22,19
DA:23,1
DA:27,19
DA:28,1
DA:29,1
DA:30,1
DA:31,1
DA:35,19
DA:36,1
DA:37,1
DA:38,1
DA:39,1
DA:40,1
DA:41,1
DA:44,19
DA:58,12
DA:68,3
DA:77,1
LF:24
LH:24
BRDA:10,0,0,1
BRDA:10,0,1,2
BRDA:68,1,0,3
BRDA:68,1,1,0
BRDA:71,2,0,19
BRDA:71,2,1,15
BRF:6
BRH:5
end_of_record
TN:
SF:src\components\Income.jsx
FN:7,Income
FN:11,(anonymous_1)
FN:20,(anonymous_2)
FN:26,(anonymous_3)
FN:31,(anonymous_4)
FN:36,(anonymous_5)
FN:47,(anonymous_6)
FN:68,(anonymous_7)
FN:79,(anonymous_8)
FN:90,(anonymous_9)
FN:93,(anonymous_10)
FN:98,(anonymous_11)
FNF:12
FNH:12
FNDA:18,Income
FNDA:3,(anonymous_1)
FNDA:4,(anonymous_2)
FNDA:1,(anonymous_3)
FNDA:1,(anonymous_4)
FNDA:1,(anonymous_5)
FNDA:1,(anonymous_6)
FNDA:162,(anonymous_7)
FNDA:9,(anonymous_8)
FNDA:4,(anonymous_9)
FNDA:1,(anonymous_10)
FNDA:1,(anonymous_11)
DA:11,18
DA:12,3
DA:13,3
DA:17,18
DA:20,18
DA:21,4
DA:26,18
DA:27,1
DA:31,18
DA:32,1
DA:36,18
DA:37,1
DA:38,1
DA:39,1
DA:40,1
DA:42,1
DA:43,1
DA:47,18
DA:48,1
DA:49,1
DA:50,1
DA:51,1
DA:52,1
DA:55,18
DA:69,162
DA:79,9
DA:90,4
DA:93,1
DA:99,1
LF:29
LH:29
BRDA:13,0,0,1
BRDA:13,0,1,2
BRDA:93,1,0,18
BRDA:93,1,1,13
BRDA:96,2,0,18
BRDA:96,2,1,18
BRDA:96,2,2,1
BRF:7
BRH:7
end_of_record
TN:
SF:src\components\Savings.jsx
FN:6,Savings
FN:8,(anonymous_1)
FN:9,(anonymous_2)
FN:12,(anonymous_3)
FN:18,(anonymous_4)
FN:19,(anonymous_5)
FN:25,(anonymous_6)
FN:29,(anonymous_7)
FN:54,(anonymous_8)
FN:66,(anonymous_9)
FNF:10
FNH:5
FNDA:6,Savings
FNDA:2,(anonymous_1)
FNDA:2,(anonymous_2)
FNDA:2,(anonymous_3)
FNDA:0,(anonymous_4)
FNDA:0,(anonymous_5)
FNDA:0,(anonymous_6)
FNDA:0,(anonymous_7)
FNDA:16,(anonymous_8)
FNDA:0,(anonymous_9)
DA:8,6
DA:9,4
DA:12,4
DA:13,2
DA:14,2
DA:18,4
DA:19,0
DA:20,0
DA:21,0
DA:25,4
DA:26,0
DA:27,0
DA:29,0
DA:34,0
DA:35,0
DA:36,0
DA:37,0
DA:40,4
DA:55,16
DA:67,0
LF:20
LH:9
BRDA:8,0,0,2
BRDA:8,0,1,2
BRDA:9,1,0,2
BRDA:9,1,1,2
BRDA:13,2,0,2
BRDA:13,2,1,1
BRDA:14,3,0,2
BRDA:14,3,1,2
BRDA:62,4,0,4
BRDA:62,4,1,0
BRF:10
BRH:9
end_of_record
TN:
SF:src\components\Taxes.jsx
FN:4,Taxes
FN:13,(anonymous_1)
FN:30,(anonymous_2)
FN:56,(anonymous_3)
FN:68,(anonymous_4)
FN:71,(anonymous_5)
FN:87,(anonymous_6)
FN:99,(anonymous_7)
FNF:8
FNH:5
FNDA:4,Taxes
FNDA:2,(anonymous_1)
FNDA:0,(anonymous_2)
FNDA:2,(anonymous_3)
FNDA:2,(anonymous_4)
FNDA:0,(anonymous_5)
FNDA:2,(anonymous_6)
FNDA:0,(anonymous_7)
DA:8,4
DA:10,4
DA:13,4
DA:14,2
DA:15,2
DA:16,0
DA:30,4
DA:31,0
DA:41,0
DA:42,0
DA:44,0
DA:45,0
DA:46,0
DA:47,0
DA:48,0
DA:52,0
DA:56,4
DA:57,2
DA:59,2
DA:60,0
DA:61,0
DA:68,4
DA:69,2
DA:71,2
DA:72,0
DA:73,0
DA:74,0
DA:83,2
DA:84,2
DA:87,4
DA:88,2
DA:92,4
DA:100,0
LF:33
LH:17
BRDA:15,0,0,0
BRDA:15,0,1,2
BRDA:45,1,0,0
BRDA:45,1,1,0
BRDA:69,2,0,2
BRDA:69,2,1,1
BRDA:95,3,0,4
BRDA:95,3,1,0
BRF:8
BRH:4
end_of_record
TN:
SF:src\components\items\ExpenseRow.jsx
FN:3,ExpenseRow
FNF:1
FNH:1
FNDA:1,ExpenseRow
DA:5,1
DA:7,1
LF:2
LH:2
BRF:0
BRH:0
end_of_record
TN:
SF:src\components\items\LastTotalCard.jsx
FN:3,LastTotalCard
FNF:1
FNH:1
FNDA:1,LastTotalCard
DA:4,1
DA:6,1
LF:2
LH:2
BRF:0
BRH:0
end_of_record
TN:
SF:src\components\items\PersonIncomeRow.jsx
FN:3,PersonIncomeRow
FNF:1
FNH:1
FNDA:1,PersonIncomeRow
DA:5,1
DA:7,1
LF:2
LH:2
BRF:0
BRH:0
end_of_record
TN:
SF:src\components\items\SavingsBlock.jsx
FN:3,SavingsBlock
FNF:1
FNH:0
FNDA:0,SavingsBlock
DA:4,0
DA:5,0
LF:2
LH:0
BRF:0
BRH:0
end_of_record
TN:
SF:src\components\items\TaxBlock.jsx
FN:3,TaxBlock
FNF:1
FNH:0
FNDA:0,TaxBlock
DA:4,0
DA:5,0
LF:2
LH:0
BRF:0
BRH:0
end_of_record
TN:
SF:src\components\items\TotalCard.jsx
FN:3,TotalCard
FNF:1
FNH:1
FNDA:25,TotalCard
DA:4,25
DA:6,24
LF:2
LH:2
BRF:0
BRH:0
end_of_record
TN:
SF:src\functions\monthlyExpenses.js
FN:1,addNewMonthlyExpense
FN:5,calculateTotalExpenses
FNF:2
FNH:2
FNDA:2,addNewMonthlyExpense
FNDA:1,calculateTotalExpenses
DA:2,2
DA:6,1
DA:8,1
DA:9,2
DA:12,1
DA:15,2
LF:6
LH:6
BRF:0
BRH:0
end_of_record
TN:
SF:src\functions\monthlySalaries.js
FN:1,addNewMonthlySalary
FN:5,calculateTotalSalaries
FNF:2
FNH:2
FNDA:1,addNewMonthlySalary
FNDA:1,calculateTotalSalaries
DA:2,1
DA:6,1
DA:8,1
DA:9,2
DA:12,1
DA:15,2
LF:6
LH:6
BRF:0
BRH:0
end_of_record
TN:
SF:src\functions\savings.js
FN:1,(anonymous_0)
FN:2,(anonymous_1)
FN:10,(anonymous_2)
FN:11,(anonymous_3)
FNF:4
FNH:4
FNDA:1,(anonymous_0)
FNDA:2,(anonymous_1)
FNDA:1,(anonymous_2)
FNDA:2,(anonymous_3)
DA:1,1
DA:2,2
DA:7,1
DA:10,1
DA:11,2
DA:12,1
DA:15,1
LF:7
LH:7
BRF:0
BRH:0
end_of_record
TN:
SF:src\functions\taxes.js
FN:1,calculateTaxes
FN:27,calculateTotalAfterTax
FN:37,calculateYOURTaxes
FNF:3
FNH:3
FNDA:4,calculateTaxes
FNDA:1,calculateTotalAfterTax
FNDA:1,calculateYOURTaxes
DA:2,4
DA:12,4
DA:13,4
DA:15,4
DA:16,12
DA:17,4
DA:18,4
DA:19,4
DA:23,4
DA:28,1
DA:30,1
DA:31,2
DA:34,1
DA:38,1
DA:40,1
DA:41,2
DA:42,2
DA:43,2
DA:52,1
DA:55,1
LF:20
LH:20
BRDA:16,0,0,4
BRDA:16,0,1,8
BRF:2
BRH:2
end_of_record
TN:
SF:src\functions\total.js
FN:1,calculateTotal
FNF:1
FNH:1
FNDA:1,calculateTotal
DA:2,1
DA:3,1
DA:4,1
DA:7,1
LF:4
LH:4
BRF:0
BRH:0
end_of_record
